||2015-11-19||09:41:16.493||CSS error: 'https://idp.mml-dev.com/branding/common/stylesheets/print.css' [556:3] Error in declaration. '*' is not allowed as first char of a property.||-||DefaultCssErrorHandler.java:error:40 
||2015-11-19||09:41:16.500||CSS error: 'https://idp.mml-dev.com/branding/common/stylesheets/print.css' [578:3] Error in declaration. '*' is not allowed as first char of a property.||-||DefaultCssErrorHandler.java:error:40 
||2015-11-19||09:41:16.501||CSS error: 'https://idp.mml-dev.com/branding/common/stylesheets/print.css' [597:3] Error in declaration. '*' is not allowed as first char of a property.||-||DefaultCssErrorHandler.java:error:40 
||2015-11-19||09:41:16.502||CSS error: 'https://idp.mml-dev.com/branding/common/stylesheets/print.css' [619:3] Error in declaration. '*' is not allowed as first char of a property.||-||DefaultCssErrorHandler.java:error:40 
||2015-11-19||09:41:16.503||CSS error: 'https://idp.mml-dev.com/branding/common/stylesheets/print.css' [638:3] Error in declaration. '*' is not allowed as first char of a property.||-||DefaultCssErrorHandler.java:error:40 
||2015-11-19||09:41:16.505||CSS error: 'https://idp.mml-dev.com/branding/common/stylesheets/print.css' [660:3] Error in declaration. '*' is not allowed as first char of a property.||-||DefaultCssErrorHandler.java:error:40 
||2015-11-19||09:41:16.507||CSS error: 'https://idp.mml-dev.com/branding/common/stylesheets/print.css' [679:3] Error in declaration. '*' is not allowed as first char of a property.||-||DefaultCssErrorHandler.java:error:40 
||2015-11-19||09:41:16.508||CSS error: 'https://idp.mml-dev.com/branding/common/stylesheets/print.css' [701:3] Error in declaration. '*' is not allowed as first char of a property.||-||DefaultCssErrorHandler.java:error:40 
||2015-11-19||09:41:16.509||CSS error: 'https://idp.mml-dev.com/branding/common/stylesheets/print.css' [720:3] Error in declaration. '*' is not allowed as first char of a property.||-||DefaultCssErrorHandler.java:error:40 
||2015-11-19||09:41:16.510||CSS error: 'https://idp.mml-dev.com/branding/common/stylesheets/print.css' [742:3] Error in declaration. '*' is not allowed as first char of a property.||-||DefaultCssErrorHandler.java:error:40 
||2015-11-19||09:41:16.513||CSS error: 'https://idp.mml-dev.com/branding/common/stylesheets/print.css' [761:3] Error in declaration. '*' is not allowed as first char of a property.||-||DefaultCssErrorHandler.java:error:40 
||2015-11-19||09:41:16.516||CSS error: 'https://idp.mml-dev.com/branding/common/stylesheets/print.css' [783:3] Error in declaration. '*' is not allowed as first char of a property.||-||DefaultCssErrorHandler.java:error:40 
||2015-11-19||09:41:16.518||CSS error: 'https://idp.mml-dev.com/branding/common/stylesheets/print.css' [802:3] Error in declaration. '*' is not allowed as first char of a property.||-||DefaultCssErrorHandler.java:error:40 
||2015-11-19||09:41:16.520||CSS error: 'https://idp.mml-dev.com/branding/common/stylesheets/print.css' [824:3] Error in declaration. '*' is not allowed as first char of a property.||-||DefaultCssErrorHandler.java:error:40 
||2015-11-19||09:41:16.521||CSS error: 'https://idp.mml-dev.com/branding/common/stylesheets/print.css' [843:3] Error in declaration. '*' is not allowed as first char of a property.||-||DefaultCssErrorHandler.java:error:40 
||2015-11-19||09:41:16.522||CSS error: 'https://idp.mml-dev.com/branding/common/stylesheets/print.css' [865:3] Error in declaration. '*' is not allowed as first char of a property.||-||DefaultCssErrorHandler.java:error:40 
||2015-11-19||09:41:16.525||CSS error: 'https://idp.mml-dev.com/branding/common/stylesheets/print.css' [884:3] Error in declaration. '*' is not allowed as first char of a property.||-||DefaultCssErrorHandler.java:error:40 
||2015-11-19||09:41:16.526||CSS error: 'https://idp.mml-dev.com/branding/common/stylesheets/print.css' [906:3] Error in declaration. '*' is not allowed as first char of a property.||-||DefaultCssErrorHandler.java:error:40 
||2015-11-19||09:41:16.526||CSS error: 'https://idp.mml-dev.com/branding/common/stylesheets/print.css' [925:3] Error in declaration. '*' is not allowed as first char of a property.||-||DefaultCssErrorHandler.java:error:40 
||2015-11-19||09:41:16.527||CSS error: 'https://idp.mml-dev.com/branding/common/stylesheets/print.css' [947:3] Error in declaration. '*' is not allowed as first char of a property.||-||DefaultCssErrorHandler.java:error:40 
||2015-11-19||09:41:16.531||CSS error: 'https://idp.mml-dev.com/branding/common/stylesheets/print.css' [966:3] Error in declaration. '*' is not allowed as first char of a property.||-||DefaultCssErrorHandler.java:error:40 
||2015-11-19||09:41:16.533||CSS error: 'https://idp.mml-dev.com/branding/common/stylesheets/print.css' [988:3] Error in declaration. '*' is not allowed as first char of a property.||-||DefaultCssErrorHandler.java:error:40 
||2015-11-19||09:41:16.534||CSS error: 'https://idp.mml-dev.com/branding/common/stylesheets/print.css' [1007:3] Error in declaration. '*' is not allowed as first char of a property.||-||DefaultCssErrorHandler.java:error:40 
||2015-11-19||09:41:16.535||CSS error: 'https://idp.mml-dev.com/branding/common/stylesheets/print.css' [1029:3] Error in declaration. '*' is not allowed as first char of a property.||-||DefaultCssErrorHandler.java:error:40 
||2015-11-19||09:41:16.536||CSS error: 'https://idp.mml-dev.com/branding/common/stylesheets/print.css' [1049:5] Error in declaration. '*' is not allowed as first char of a property.||-||DefaultCssErrorHandler.java:error:40 
||2015-11-19||09:41:16.536||CSS error: 'https://idp.mml-dev.com/branding/common/stylesheets/print.css' [1071:5] Error in declaration. '*' is not allowed as first char of a property.||-||DefaultCssErrorHandler.java:error:40 
||2015-11-19||09:41:16.537||CSS error: 'https://idp.mml-dev.com/branding/common/stylesheets/print.css' [1092:5] Error in declaration. '*' is not allowed as first char of a property.||-||DefaultCssErrorHandler.java:error:40 
||2015-11-19||09:41:16.538||CSS error: 'https://idp.mml-dev.com/branding/common/stylesheets/print.css' [1114:5] Error in declaration. '*' is not allowed as first char of a property.||-||DefaultCssErrorHandler.java:error:40 
||2015-11-19||09:41:16.540||CSS error: 'https://idp.mml-dev.com/branding/common/stylesheets/print.css' [1135:5] Error in declaration. '*' is not allowed as first char of a property.||-||DefaultCssErrorHandler.java:error:40 
||2015-11-19||09:41:16.542||CSS error: 'https://idp.mml-dev.com/branding/common/stylesheets/print.css' [1157:5] Error in declaration. '*' is not allowed as first char of a property.||-||DefaultCssErrorHandler.java:error:40 
||2015-11-19||09:41:16.543||CSS error: 'https://idp.mml-dev.com/branding/common/stylesheets/print.css' [1178:5] Error in declaration. '*' is not allowed as first char of a property.||-||DefaultCssErrorHandler.java:error:40 
||2015-11-19||09:41:16.544||CSS error: 'https://idp.mml-dev.com/branding/common/stylesheets/print.css' [1200:5] Error in declaration. '*' is not allowed as first char of a property.||-||DefaultCssErrorHandler.java:error:40 
||2015-11-19||09:41:16.545||CSS error: 'https://idp.mml-dev.com/branding/common/stylesheets/print.css' [1221:5] Error in declaration. '*' is not allowed as first char of a property.||-||DefaultCssErrorHandler.java:error:40 
||2015-11-19||09:41:16.546||CSS error: 'https://idp.mml-dev.com/branding/common/stylesheets/print.css' [1243:5] Error in declaration. '*' is not allowed as first char of a property.||-||DefaultCssErrorHandler.java:error:40 
||2015-11-19||09:41:16.547||CSS error: 'https://idp.mml-dev.com/branding/common/stylesheets/print.css' [1264:5] Error in declaration. '*' is not allowed as first char of a property.||-||DefaultCssErrorHandler.java:error:40 
||2015-11-19||09:41:16.547||CSS error: 'https://idp.mml-dev.com/branding/common/stylesheets/print.css' [1286:5] Error in declaration. '*' is not allowed as first char of a property.||-||DefaultCssErrorHandler.java:error:40 
||2015-11-19||09:41:16.548||CSS error: 'https://idp.mml-dev.com/branding/common/stylesheets/print.css' [1307:5] Error in declaration. '*' is not allowed as first char of a property.||-||DefaultCssErrorHandler.java:error:40 
||2015-11-19||09:41:16.549||CSS error: 'https://idp.mml-dev.com/branding/common/stylesheets/print.css' [1329:5] Error in declaration. '*' is not allowed as first char of a property.||-||DefaultCssErrorHandler.java:error:40 
||2015-11-19||09:41:16.550||CSS error: 'https://idp.mml-dev.com/branding/common/stylesheets/print.css' [1350:5] Error in declaration. '*' is not allowed as first char of a property.||-||DefaultCssErrorHandler.java:error:40 
||2015-11-19||09:41:16.551||CSS error: 'https://idp.mml-dev.com/branding/common/stylesheets/print.css' [1372:5] Error in declaration. '*' is not allowed as first char of a property.||-||DefaultCssErrorHandler.java:error:40 
||2015-11-19||09:41:16.551||CSS error: 'https://idp.mml-dev.com/branding/common/stylesheets/print.css' [1393:5] Error in declaration. '*' is not allowed as first char of a property.||-||DefaultCssErrorHandler.java:error:40 
||2015-11-19||09:41:16.552||CSS error: 'https://idp.mml-dev.com/branding/common/stylesheets/print.css' [1415:5] Error in declaration. '*' is not allowed as first char of a property.||-||DefaultCssErrorHandler.java:error:40 
||2015-11-19||09:41:16.553||CSS error: 'https://idp.mml-dev.com/branding/common/stylesheets/print.css' [1436:5] Error in declaration. '*' is not allowed as first char of a property.||-||DefaultCssErrorHandler.java:error:40 
||2015-11-19||09:41:16.554||CSS error: 'https://idp.mml-dev.com/branding/common/stylesheets/print.css' [1458:5] Error in declaration. '*' is not allowed as first char of a property.||-||DefaultCssErrorHandler.java:error:40 
||2015-11-19||09:41:16.554||CSS error: 'https://idp.mml-dev.com/branding/common/stylesheets/print.css' [1479:5] Error in declaration. '*' is not allowed as first char of a property.||-||DefaultCssErrorHandler.java:error:40 
||2015-11-19||09:41:16.555||CSS error: 'https://idp.mml-dev.com/branding/common/stylesheets/print.css' [1501:5] Error in declaration. '*' is not allowed as first char of a property.||-||DefaultCssErrorHandler.java:error:40 
||2015-11-19||09:41:16.555||CSS error: 'https://idp.mml-dev.com/branding/common/stylesheets/print.css' [1522:5] Error in declaration. '*' is not allowed as first char of a property.||-||DefaultCssErrorHandler.java:error:40 
||2015-11-19||09:41:16.556||CSS error: 'https://idp.mml-dev.com/branding/common/stylesheets/print.css' [1544:5] Error in declaration. '*' is not allowed as first char of a property.||-||DefaultCssErrorHandler.java:error:40 
||2015-11-19||09:41:16.557||CSS error: 'https://idp.mml-dev.com/branding/common/stylesheets/print.css' [1565:5] Error in declaration. '*' is not allowed as first char of a property.||-||DefaultCssErrorHandler.java:error:40 
||2015-11-19||09:41:16.557||CSS error: 'https://idp.mml-dev.com/branding/common/stylesheets/print.css' [1587:5] Error in declaration. '*' is not allowed as first char of a property.||-||DefaultCssErrorHandler.java:error:40 
||2015-11-19||09:41:16.558||CSS error: 'https://idp.mml-dev.com/branding/common/stylesheets/print.css' [1608:5] Error in declaration. '*' is not allowed as first char of a property.||-||DefaultCssErrorHandler.java:error:40 
||2015-11-19||09:41:16.558||CSS error: 'https://idp.mml-dev.com/branding/common/stylesheets/print.css' [1630:5] Error in declaration. '*' is not allowed as first char of a property.||-||DefaultCssErrorHandler.java:error:40 
||2015-11-19||09:41:16.559||CSS error: 'https://idp.mml-dev.com/branding/common/stylesheets/print.css' [1651:5] Error in declaration. '*' is not allowed as first char of a property.||-||DefaultCssErrorHandler.java:error:40 
||2015-11-19||09:41:16.560||CSS error: 'https://idp.mml-dev.com/branding/common/stylesheets/print.css' [1673:5] Error in declaration. '*' is not allowed as first char of a property.||-||DefaultCssErrorHandler.java:error:40 
||2015-11-19||09:41:16.560||CSS error: 'https://idp.mml-dev.com/branding/common/stylesheets/print.css' [1694:5] Error in declaration. '*' is not allowed as first char of a property.||-||DefaultCssErrorHandler.java:error:40 
||2015-11-19||09:41:16.561||CSS error: 'https://idp.mml-dev.com/branding/common/stylesheets/print.css' [1716:5] Error in declaration. '*' is not allowed as first char of a property.||-||DefaultCssErrorHandler.java:error:40 
||2015-11-19||09:41:16.562||CSS error: 'https://idp.mml-dev.com/branding/common/stylesheets/print.css' [1737:5] Error in declaration. '*' is not allowed as first char of a property.||-||DefaultCssErrorHandler.java:error:40 
||2015-11-19||09:41:16.562||CSS error: 'https://idp.mml-dev.com/branding/common/stylesheets/print.css' [1759:5] Error in declaration. '*' is not allowed as first char of a property.||-||DefaultCssErrorHandler.java:error:40 
||2015-11-19||09:41:16.563||CSS error: 'https://idp.mml-dev.com/branding/common/stylesheets/print.css' [1780:5] Error in declaration. '*' is not allowed as first char of a property.||-||DefaultCssErrorHandler.java:error:40 
||2015-11-19||09:41:16.564||CSS error: 'https://idp.mml-dev.com/branding/common/stylesheets/print.css' [1802:5] Error in declaration. '*' is not allowed as first char of a property.||-||DefaultCssErrorHandler.java:error:40 
||2015-11-19||09:41:16.564||CSS error: 'https://idp.mml-dev.com/branding/common/stylesheets/print.css' [1823:5] Error in declaration. '*' is not allowed as first char of a property.||-||DefaultCssErrorHandler.java:error:40 
||2015-11-19||09:41:16.565||CSS error: 'https://idp.mml-dev.com/branding/common/stylesheets/print.css' [1845:5] Error in declaration. '*' is not allowed as first char of a property.||-||DefaultCssErrorHandler.java:error:40 
||2015-11-19||09:41:16.566||CSS error: 'https://idp.mml-dev.com/branding/common/stylesheets/print.css' [1866:5] Error in declaration. '*' is not allowed as first char of a property.||-||DefaultCssErrorHandler.java:error:40 
||2015-11-19||09:41:16.567||CSS error: 'https://idp.mml-dev.com/branding/common/stylesheets/print.css' [1888:5] Error in declaration. '*' is not allowed as first char of a property.||-||DefaultCssErrorHandler.java:error:40 
||2015-11-19||09:41:16.567||CSS error: 'https://idp.mml-dev.com/branding/common/stylesheets/print.css' [1909:5] Error in declaration. '*' is not allowed as first char of a property.||-||DefaultCssErrorHandler.java:error:40 
||2015-11-19||09:41:16.568||CSS error: 'https://idp.mml-dev.com/branding/common/stylesheets/print.css' [1931:5] Error in declaration. '*' is not allowed as first char of a property.||-||DefaultCssErrorHandler.java:error:40 
||2015-11-19||09:41:16.569||CSS error: 'https://idp.mml-dev.com/branding/common/stylesheets/print.css' [1952:5] Error in declaration. '*' is not allowed as first char of a property.||-||DefaultCssErrorHandler.java:error:40 
||2015-11-19||09:41:16.569||CSS error: 'https://idp.mml-dev.com/branding/common/stylesheets/print.css' [1974:5] Error in declaration. '*' is not allowed as first char of a property.||-||DefaultCssErrorHandler.java:error:40 
||2015-11-19||09:41:16.570||CSS error: 'https://idp.mml-dev.com/branding/common/stylesheets/print.css' [1995:5] Error in declaration. '*' is not allowed as first char of a property.||-||DefaultCssErrorHandler.java:error:40 
||2015-11-19||09:41:16.571||CSS error: 'https://idp.mml-dev.com/branding/common/stylesheets/print.css' [2017:5] Error in declaration. '*' is not allowed as first char of a property.||-||DefaultCssErrorHandler.java:error:40 
||2015-11-19||09:41:16.571||CSS error: 'https://idp.mml-dev.com/branding/common/stylesheets/print.css' [2038:5] Error in declaration. '*' is not allowed as first char of a property.||-||DefaultCssErrorHandler.java:error:40 
||2015-11-19||09:41:16.572||CSS error: 'https://idp.mml-dev.com/branding/common/stylesheets/print.css' [2060:5] Error in declaration. '*' is not allowed as first char of a property.||-||DefaultCssErrorHandler.java:error:40 
||2015-11-19||09:44:26.221||Unhandled CSS condition type '7'. Accepting it silently.||-||CSSStyleSheet.java:isValidSelector:1265 
||2015-11-19||09:44:26.226||runtimeError: message=[An invalid or illegal selector was specified (selector: ':checked' error: Invalid selector: *:checked).] sourceName=[https://idp.mml-dev.com/branding/common/scripts/login-vendor.js] line=[1206] lineSource=[null] lineOffset=[0]||-||StrictErrorReporter.java:runtimeError:83 
||2015-11-19||09:44:26.248||runtimeError: message=[An invalid or illegal selector was specified (selector: ':enabled' error: Invalid selector: *:enabled).] sourceName=[https://idp.mml-dev.com/branding/common/scripts/login-vendor.js] line=[1233] lineSource=[null] lineOffset=[0]||-||StrictErrorReporter.java:runtimeError:83 
||2015-11-19||09:45:45.616||Unhandled CSS condition type '7'. Accepting it silently.||-||CSSStyleSheet.java:isValidSelector:1265 
||2015-11-19||09:45:45.627||runtimeError: message=[An invalid or illegal selector was specified (selector: '*,:x' error: Invalid selector: *:x).] sourceName=[https://idp.mml-dev.com/branding/common/scripts/login-vendor.js] line=[1238] lineSource=[null] lineOffset=[0]||-||StrictErrorReporter.java:runtimeError:83 
||2015-11-19||09:45:46.745||CSS error: 'https://idp.mml-dev.com/branding/common/stylesheets/print.css' [556:3] Error in declaration. '*' is not allowed as first char of a property.||-||DefaultCssErrorHandler.java:error:40 
||2015-11-19||09:45:46.746||CSS error: 'https://idp.mml-dev.com/branding/common/stylesheets/print.css' [578:3] Error in declaration. '*' is not allowed as first char of a property.||-||DefaultCssErrorHandler.java:error:40 
||2015-11-19||09:45:46.748||CSS error: 'https://idp.mml-dev.com/branding/common/stylesheets/print.css' [597:3] Error in declaration. '*' is not allowed as first char of a property.||-||DefaultCssErrorHandler.java:error:40 
||2015-11-19||09:45:46.749||CSS error: 'https://idp.mml-dev.com/branding/common/stylesheets/print.css' [619:3] Error in declaration. '*' is not allowed as first char of a property.||-||DefaultCssErrorHandler.java:error:40 
||2015-11-19||09:45:46.750||CSS error: 'https://idp.mml-dev.com/branding/common/stylesheets/print.css' [638:3] Error in declaration. '*' is not allowed as first char of a property.||-||DefaultCssErrorHandler.java:error:40 
||2015-11-19||09:45:46.751||CSS error: 'https://idp.mml-dev.com/branding/common/stylesheets/print.css' [660:3] Error in declaration. '*' is not allowed as first char of a property.||-||DefaultCssErrorHandler.java:error:40 
||2015-11-19||09:45:46.752||CSS error: 'https://idp.mml-dev.com/branding/common/stylesheets/print.css' [679:3] Error in declaration. '*' is not allowed as first char of a property.||-||DefaultCssErrorHandler.java:error:40 
||2015-11-19||09:45:46.753||CSS error: 'https://idp.mml-dev.com/branding/common/stylesheets/print.css' [701:3] Error in declaration. '*' is not allowed as first char of a property.||-||DefaultCssErrorHandler.java:error:40 
||2015-11-19||09:45:46.754||CSS error: 'https://idp.mml-dev.com/branding/common/stylesheets/print.css' [720:3] Error in declaration. '*' is not allowed as first char of a property.||-||DefaultCssErrorHandler.java:error:40 
||2015-11-19||09:45:46.754||CSS error: 'https://idp.mml-dev.com/branding/common/stylesheets/print.css' [742:3] Error in declaration. '*' is not allowed as first char of a property.||-||DefaultCssErrorHandler.java:error:40 
||2015-11-19||09:45:46.755||CSS error: 'https://idp.mml-dev.com/branding/common/stylesheets/print.css' [761:3] Error in declaration. '*' is not allowed as first char of a property.||-||DefaultCssErrorHandler.java:error:40 
||2015-11-19||09:45:46.756||CSS error: 'https://idp.mml-dev.com/branding/common/stylesheets/print.css' [783:3] Error in declaration. '*' is not allowed as first char of a property.||-||DefaultCssErrorHandler.java:error:40 
||2015-11-19||09:45:46.756||CSS error: 'https://idp.mml-dev.com/branding/common/stylesheets/print.css' [802:3] Error in declaration. '*' is not allowed as first char of a property.||-||DefaultCssErrorHandler.java:error:40 
||2015-11-19||09:45:46.757||CSS error: 'https://idp.mml-dev.com/branding/common/stylesheets/print.css' [824:3] Error in declaration. '*' is not allowed as first char of a property.||-||DefaultCssErrorHandler.java:error:40 
||2015-11-19||09:45:46.763||CSS error: 'https://idp.mml-dev.com/branding/common/stylesheets/print.css' [843:3] Error in declaration. '*' is not allowed as first char of a property.||-||DefaultCssErrorHandler.java:error:40 
||2015-11-19||09:45:46.764||CSS error: 'https://idp.mml-dev.com/branding/common/stylesheets/print.css' [865:3] Error in declaration. '*' is not allowed as first char of a property.||-||DefaultCssErrorHandler.java:error:40 
||2015-11-19||09:45:46.765||CSS error: 'https://idp.mml-dev.com/branding/common/stylesheets/print.css' [884:3] Error in declaration. '*' is not allowed as first char of a property.||-||DefaultCssErrorHandler.java:error:40 
||2015-11-19||09:45:46.766||CSS error: 'https://idp.mml-dev.com/branding/common/stylesheets/print.css' [906:3] Error in declaration. '*' is not allowed as first char of a property.||-||DefaultCssErrorHandler.java:error:40 
||2015-11-19||09:45:46.767||CSS error: 'https://idp.mml-dev.com/branding/common/stylesheets/print.css' [925:3] Error in declaration. '*' is not allowed as first char of a property.||-||DefaultCssErrorHandler.java:error:40 
||2015-11-19||09:45:46.768||CSS error: 'https://idp.mml-dev.com/branding/common/stylesheets/print.css' [947:3] Error in declaration. '*' is not allowed as first char of a property.||-||DefaultCssErrorHandler.java:error:40 
||2015-11-19||09:45:46.769||CSS error: 'https://idp.mml-dev.com/branding/common/stylesheets/print.css' [966:3] Error in declaration. '*' is not allowed as first char of a property.||-||DefaultCssErrorHandler.java:error:40 
||2015-11-19||09:45:46.771||CSS error: 'https://idp.mml-dev.com/branding/common/stylesheets/print.css' [988:3] Error in declaration. '*' is not allowed as first char of a property.||-||DefaultCssErrorHandler.java:error:40 
||2015-11-19||09:45:46.772||CSS error: 'https://idp.mml-dev.com/branding/common/stylesheets/print.css' [1007:3] Error in declaration. '*' is not allowed as first char of a property.||-||DefaultCssErrorHandler.java:error:40 
||2015-11-19||09:45:46.773||CSS error: 'https://idp.mml-dev.com/branding/common/stylesheets/print.css' [1029:3] Error in declaration. '*' is not allowed as first char of a property.||-||DefaultCssErrorHandler.java:error:40 
||2015-11-19||09:45:46.774||CSS error: 'https://idp.mml-dev.com/branding/common/stylesheets/print.css' [1049:5] Error in declaration. '*' is not allowed as first char of a property.||-||DefaultCssErrorHandler.java:error:40 
||2015-11-19||09:45:46.775||CSS error: 'https://idp.mml-dev.com/branding/common/stylesheets/print.css' [1071:5] Error in declaration. '*' is not allowed as first char of a property.||-||DefaultCssErrorHandler.java:error:40 
||2015-11-19||09:45:46.776||CSS error: 'https://idp.mml-dev.com/branding/common/stylesheets/print.css' [1092:5] Error in declaration. '*' is not allowed as first char of a property.||-||DefaultCssErrorHandler.java:error:40 
||2015-11-19||09:45:46.777||CSS error: 'https://idp.mml-dev.com/branding/common/stylesheets/print.css' [1114:5] Error in declaration. '*' is not allowed as first char of a property.||-||DefaultCssErrorHandler.java:error:40 
||2015-11-19||09:45:46.779||CSS error: 'https://idp.mml-dev.com/branding/common/stylesheets/print.css' [1135:5] Error in declaration. '*' is not allowed as first char of a property.||-||DefaultCssErrorHandler.java:error:40 
||2015-11-19||09:45:46.780||CSS error: 'https://idp.mml-dev.com/branding/common/stylesheets/print.css' [1157:5] Error in declaration. '*' is not allowed as first char of a property.||-||DefaultCssErrorHandler.java:error:40 
||2015-11-19||09:45:46.781||CSS error: 'https://idp.mml-dev.com/branding/common/stylesheets/print.css' [1178:5] Error in declaration. '*' is not allowed as first char of a property.||-||DefaultCssErrorHandler.java:error:40 
||2015-11-19||09:45:46.782||CSS error: 'https://idp.mml-dev.com/branding/common/stylesheets/print.css' [1200:5] Error in declaration. '*' is not allowed as first char of a property.||-||DefaultCssErrorHandler.java:error:40 
||2015-11-19||09:45:46.783||CSS error: 'https://idp.mml-dev.com/branding/common/stylesheets/print.css' [1221:5] Error in declaration. '*' is not allowed as first char of a property.||-||DefaultCssErrorHandler.java:error:40 
||2015-11-19||09:45:46.784||CSS error: 'https://idp.mml-dev.com/branding/common/stylesheets/print.css' [1243:5] Error in declaration. '*' is not allowed as first char of a property.||-||DefaultCssErrorHandler.java:error:40 
||2015-11-19||09:45:46.785||CSS error: 'https://idp.mml-dev.com/branding/common/stylesheets/print.css' [1264:5] Error in declaration. '*' is not allowed as first char of a property.||-||DefaultCssErrorHandler.java:error:40 
||2015-11-19||09:45:46.785||CSS error: 'https://idp.mml-dev.com/branding/common/stylesheets/print.css' [1286:5] Error in declaration. '*' is not allowed as first char of a property.||-||DefaultCssErrorHandler.java:error:40 
||2015-11-19||09:45:46.786||CSS error: 'https://idp.mml-dev.com/branding/common/stylesheets/print.css' [1307:5] Error in declaration. '*' is not allowed as first char of a property.||-||DefaultCssErrorHandler.java:error:40 
||2015-11-19||09:45:46.787||CSS error: 'https://idp.mml-dev.com/branding/common/stylesheets/print.css' [1329:5] Error in declaration. '*' is not allowed as first char of a property.||-||DefaultCssErrorHandler.java:error:40 
||2015-11-19||09:45:46.787||CSS error: 'https://idp.mml-dev.com/branding/common/stylesheets/print.css' [1350:5] Error in declaration. '*' is not allowed as first char of a property.||-||DefaultCssErrorHandler.java:error:40 
||2015-11-19||09:45:46.788||CSS error: 'https://idp.mml-dev.com/branding/common/stylesheets/print.css' [1372:5] Error in declaration. '*' is not allowed as first char of a property.||-||DefaultCssErrorHandler.java:error:40 
||2015-11-19||09:45:46.789||CSS error: 'https://idp.mml-dev.com/branding/common/stylesheets/print.css' [1393:5] Error in declaration. '*' is not allowed as first char of a property.||-||DefaultCssErrorHandler.java:error:40 
||2015-11-19||09:45:46.790||CSS error: 'https://idp.mml-dev.com/branding/common/stylesheets/print.css' [1415:5] Error in declaration. '*' is not allowed as first char of a property.||-||DefaultCssErrorHandler.java:error:40 
||2015-11-19||09:45:46.791||CSS error: 'https://idp.mml-dev.com/branding/common/stylesheets/print.css' [1436:5] Error in declaration. '*' is not allowed as first char of a property.||-||DefaultCssErrorHandler.java:error:40 
||2015-11-19||09:45:46.792||CSS error: 'https://idp.mml-dev.com/branding/common/stylesheets/print.css' [1458:5] Error in declaration. '*' is not allowed as first char of a property.||-||DefaultCssErrorHandler.java:error:40 
||2015-11-19||09:45:46.793||CSS error: 'https://idp.mml-dev.com/branding/common/stylesheets/print.css' [1479:5] Error in declaration. '*' is not allowed as first char of a property.||-||DefaultCssErrorHandler.java:error:40 
||2015-11-19||09:45:46.795||CSS error: 'https://idp.mml-dev.com/branding/common/stylesheets/print.css' [1501:5] Error in declaration. '*' is not allowed as first char of a property.||-||DefaultCssErrorHandler.java:error:40 
||2015-11-19||09:45:46.795||CSS error: 'https://idp.mml-dev.com/branding/common/stylesheets/print.css' [1522:5] Error in declaration. '*' is not allowed as first char of a property.||-||DefaultCssErrorHandler.java:error:40 
||2015-11-19||09:45:46.796||CSS error: 'https://idp.mml-dev.com/branding/common/stylesheets/print.css' [1544:5] Error in declaration. '*' is not allowed as first char of a property.||-||DefaultCssErrorHandler.java:error:40 
||2015-11-19||09:45:46.797||CSS error: 'https://idp.mml-dev.com/branding/common/stylesheets/print.css' [1565:5] Error in declaration. '*' is not allowed as first char of a property.||-||DefaultCssErrorHandler.java:error:40 
||2015-11-19||09:45:46.798||CSS error: 'https://idp.mml-dev.com/branding/common/stylesheets/print.css' [1587:5] Error in declaration. '*' is not allowed as first char of a property.||-||DefaultCssErrorHandler.java:error:40 
||2015-11-19||09:45:46.798||CSS error: 'https://idp.mml-dev.com/branding/common/stylesheets/print.css' [1608:5] Error in declaration. '*' is not allowed as first char of a property.||-||DefaultCssErrorHandler.java:error:40 
||2015-11-19||09:45:46.799||CSS error: 'https://idp.mml-dev.com/branding/common/stylesheets/print.css' [1630:5] Error in declaration. '*' is not allowed as first char of a property.||-||DefaultCssErrorHandler.java:error:40 
||2015-11-19||09:45:46.800||CSS error: 'https://idp.mml-dev.com/branding/common/stylesheets/print.css' [1651:5] Error in declaration. '*' is not allowed as first char of a property.||-||DefaultCssErrorHandler.java:error:40 
||2015-11-19||09:45:46.801||CSS error: 'https://idp.mml-dev.com/branding/common/stylesheets/print.css' [1673:5] Error in declaration. '*' is not allowed as first char of a property.||-||DefaultCssErrorHandler.java:error:40 
||2015-11-19||09:45:46.801||CSS error: 'https://idp.mml-dev.com/branding/common/stylesheets/print.css' [1694:5] Error in declaration. '*' is not allowed as first char of a property.||-||DefaultCssErrorHandler.java:error:40 
||2015-11-19||09:45:46.802||CSS error: 'https://idp.mml-dev.com/branding/common/stylesheets/print.css' [1716:5] Error in declaration. '*' is not allowed as first char of a property.||-||DefaultCssErrorHandler.java:error:40 
||2015-11-19||09:45:46.803||CSS error: 'https://idp.mml-dev.com/branding/common/stylesheets/print.css' [1737:5] Error in declaration. '*' is not allowed as first char of a property.||-||DefaultCssErrorHandler.java:error:40 
||2015-11-19||09:45:46.804||CSS error: 'https://idp.mml-dev.com/branding/common/stylesheets/print.css' [1759:5] Error in declaration. '*' is not allowed as first char of a property.||-||DefaultCssErrorHandler.java:error:40 
||2015-11-19||09:45:46.805||CSS error: 'https://idp.mml-dev.com/branding/common/stylesheets/print.css' [1780:5] Error in declaration. '*' is not allowed as first char of a property.||-||DefaultCssErrorHandler.java:error:40 
||2015-11-19||09:45:46.805||CSS error: 'https://idp.mml-dev.com/branding/common/stylesheets/print.css' [1802:5] Error in declaration. '*' is not allowed as first char of a property.||-||DefaultCssErrorHandler.java:error:40 
||2015-11-19||09:45:46.806||CSS error: 'https://idp.mml-dev.com/branding/common/stylesheets/print.css' [1823:5] Error in declaration. '*' is not allowed as first char of a property.||-||DefaultCssErrorHandler.java:error:40 
||2015-11-19||09:45:46.807||CSS error: 'https://idp.mml-dev.com/branding/common/stylesheets/print.css' [1845:5] Error in declaration. '*' is not allowed as first char of a property.||-||DefaultCssErrorHandler.java:error:40 
||2015-11-19||09:45:46.808||CSS error: 'https://idp.mml-dev.com/branding/common/stylesheets/print.css' [1866:5] Error in declaration. '*' is not allowed as first char of a property.||-||DefaultCssErrorHandler.java:error:40 
||2015-11-19||09:45:46.809||CSS error: 'https://idp.mml-dev.com/branding/common/stylesheets/print.css' [1888:5] Error in declaration. '*' is not allowed as first char of a property.||-||DefaultCssErrorHandler.java:error:40 
||2015-11-19||09:45:46.810||CSS error: 'https://idp.mml-dev.com/branding/common/stylesheets/print.css' [1909:5] Error in declaration. '*' is not allowed as first char of a property.||-||DefaultCssErrorHandler.java:error:40 
||2015-11-19||09:45:46.811||CSS error: 'https://idp.mml-dev.com/branding/common/stylesheets/print.css' [1931:5] Error in declaration. '*' is not allowed as first char of a property.||-||DefaultCssErrorHandler.java:error:40 
||2015-11-19||09:45:46.812||CSS error: 'https://idp.mml-dev.com/branding/common/stylesheets/print.css' [1952:5] Error in declaration. '*' is not allowed as first char of a property.||-||DefaultCssErrorHandler.java:error:40 
||2015-11-19||09:45:46.813||CSS error: 'https://idp.mml-dev.com/branding/common/stylesheets/print.css' [1974:5] Error in declaration. '*' is not allowed as first char of a property.||-||DefaultCssErrorHandler.java:error:40 
||2015-11-19||09:45:46.814||CSS error: 'https://idp.mml-dev.com/branding/common/stylesheets/print.css' [1995:5] Error in declaration. '*' is not allowed as first char of a property.||-||DefaultCssErrorHandler.java:error:40 
||2015-11-19||09:45:46.815||CSS error: 'https://idp.mml-dev.com/branding/common/stylesheets/print.css' [2017:5] Error in declaration. '*' is not allowed as first char of a property.||-||DefaultCssErrorHandler.java:error:40 
||2015-11-19||09:45:46.816||CSS error: 'https://idp.mml-dev.com/branding/common/stylesheets/print.css' [2038:5] Error in declaration. '*' is not allowed as first char of a property.||-||DefaultCssErrorHandler.java:error:40 
||2015-11-19||09:45:46.816||CSS error: 'https://idp.mml-dev.com/branding/common/stylesheets/print.css' [2060:5] Error in declaration. '*' is not allowed as first char of a property.||-||DefaultCssErrorHandler.java:error:40 
||2015-11-19||09:46:16.467||Unhandled CSS condition type '7'. Accepting it silently.||-||CSSStyleSheet.java:isValidSelector:1265 
||2015-11-19||09:46:16.476||runtimeError: message=[An invalid or illegal selector was specified (selector: '*,:x' error: Invalid selector: *:x).] sourceName=[https://idp.mml-dev.com/branding/common/scripts/login-vendor.js] line=[1238] lineSource=[null] lineOffset=[0]||-||StrictErrorReporter.java:runtimeError:83 
||2015-11-19||09:46:17.637||CSS error: 'https://idp.mml-dev.com/branding/common/stylesheets/print.css' [556:3] Error in declaration. '*' is not allowed as first char of a property.||-||DefaultCssErrorHandler.java:error:40 
||2015-11-19||09:46:17.638||CSS error: 'https://idp.mml-dev.com/branding/common/stylesheets/print.css' [578:3] Error in declaration. '*' is not allowed as first char of a property.||-||DefaultCssErrorHandler.java:error:40 
||2015-11-19||09:46:17.641||CSS error: 'https://idp.mml-dev.com/branding/common/stylesheets/print.css' [597:3] Error in declaration. '*' is not allowed as first char of a property.||-||DefaultCssErrorHandler.java:error:40 
||2015-11-19||09:46:17.644||CSS error: 'https://idp.mml-dev.com/branding/common/stylesheets/print.css' [619:3] Error in declaration. '*' is not allowed as first char of a property.||-||DefaultCssErrorHandler.java:error:40 
||2015-11-19||09:46:17.646||CSS error: 'https://idp.mml-dev.com/branding/common/stylesheets/print.css' [638:3] Error in declaration. '*' is not allowed as first char of a property.||-||DefaultCssErrorHandler.java:error:40 
||2015-11-19||09:46:17.647||CSS error: 'https://idp.mml-dev.com/branding/common/stylesheets/print.css' [660:3] Error in declaration. '*' is not allowed as first char of a property.||-||DefaultCssErrorHandler.java:error:40 
||2015-11-19||09:46:17.649||CSS error: 'https://idp.mml-dev.com/branding/common/stylesheets/print.css' [679:3] Error in declaration. '*' is not allowed as first char of a property.||-||DefaultCssErrorHandler.java:error:40 
||2015-11-19||09:46:17.650||CSS error: 'https://idp.mml-dev.com/branding/common/stylesheets/print.css' [701:3] Error in declaration. '*' is not allowed as first char of a property.||-||DefaultCssErrorHandler.java:error:40 
||2015-11-19||09:46:17.652||CSS error: 'https://idp.mml-dev.com/branding/common/stylesheets/print.css' [720:3] Error in declaration. '*' is not allowed as first char of a property.||-||DefaultCssErrorHandler.java:error:40 
||2015-11-19||09:46:17.653||CSS error: 'https://idp.mml-dev.com/branding/common/stylesheets/print.css' [742:3] Error in declaration. '*' is not allowed as first char of a property.||-||DefaultCssErrorHandler.java:error:40 
||2015-11-19||09:46:17.654||CSS error: 'https://idp.mml-dev.com/branding/common/stylesheets/print.css' [761:3] Error in declaration. '*' is not allowed as first char of a property.||-||DefaultCssErrorHandler.java:error:40 
||2015-11-19||09:46:17.655||CSS error: 'https://idp.mml-dev.com/branding/common/stylesheets/print.css' [783:3] Error in declaration. '*' is not allowed as first char of a property.||-||DefaultCssErrorHandler.java:error:40 
||2015-11-19||09:46:17.656||CSS error: 'https://idp.mml-dev.com/branding/common/stylesheets/print.css' [802:3] Error in declaration. '*' is not allowed as first char of a property.||-||DefaultCssErrorHandler.java:error:40 
||2015-11-19||09:46:17.657||CSS error: 'https://idp.mml-dev.com/branding/common/stylesheets/print.css' [824:3] Error in declaration. '*' is not allowed as first char of a property.||-||DefaultCssErrorHandler.java:error:40 
||2015-11-19||09:46:17.661||CSS error: 'https://idp.mml-dev.com/branding/common/stylesheets/print.css' [843:3] Error in declaration. '*' is not allowed as first char of a property.||-||DefaultCssErrorHandler.java:error:40 
||2015-11-19||09:46:17.663||CSS error: 'https://idp.mml-dev.com/branding/common/stylesheets/print.css' [865:3] Error in declaration. '*' is not allowed as first char of a property.||-||DefaultCssErrorHandler.java:error:40 
||2015-11-19||09:46:17.664||CSS error: 'https://idp.mml-dev.com/branding/common/stylesheets/print.css' [884:3] Error in declaration. '*' is not allowed as first char of a property.||-||DefaultCssErrorHandler.java:error:40 
||2015-11-19||09:46:17.667||CSS error: 'https://idp.mml-dev.com/branding/common/stylesheets/print.css' [906:3] Error in declaration. '*' is not allowed as first char of a property.||-||DefaultCssErrorHandler.java:error:40 
||2015-11-19||09:46:17.668||CSS error: 'https://idp.mml-dev.com/branding/common/stylesheets/print.css' [925:3] Error in declaration. '*' is not allowed as first char of a property.||-||DefaultCssErrorHandler.java:error:40 
||2015-11-19||09:46:17.669||CSS error: 'https://idp.mml-dev.com/branding/common/stylesheets/print.css' [947:3] Error in declaration. '*' is not allowed as first char of a property.||-||DefaultCssErrorHandler.java:error:40 
||2015-11-19||09:46:17.678||CSS error: 'https://idp.mml-dev.com/branding/common/stylesheets/print.css' [966:3] Error in declaration. '*' is not allowed as first char of a property.||-||DefaultCssErrorHandler.java:error:40 
||2015-11-19||09:46:17.679||CSS error: 'https://idp.mml-dev.com/branding/common/stylesheets/print.css' [988:3] Error in declaration. '*' is not allowed as first char of a property.||-||DefaultCssErrorHandler.java:error:40 
||2015-11-19||09:46:17.680||CSS error: 'https://idp.mml-dev.com/branding/common/stylesheets/print.css' [1007:3] Error in declaration. '*' is not allowed as first char of a property.||-||DefaultCssErrorHandler.java:error:40 
||2015-11-19||09:46:17.681||CSS error: 'https://idp.mml-dev.com/branding/common/stylesheets/print.css' [1029:3] Error in declaration. '*' is not allowed as first char of a property.||-||DefaultCssErrorHandler.java:error:40 
||2015-11-19||09:46:17.683||CSS error: 'https://idp.mml-dev.com/branding/common/stylesheets/print.css' [1049:5] Error in declaration. '*' is not allowed as first char of a property.||-||DefaultCssErrorHandler.java:error:40 
||2015-11-19||09:46:17.684||CSS error: 'https://idp.mml-dev.com/branding/common/stylesheets/print.css' [1071:5] Error in declaration. '*' is not allowed as first char of a property.||-||DefaultCssErrorHandler.java:error:40 
||2015-11-19||09:46:17.686||CSS error: 'https://idp.mml-dev.com/branding/common/stylesheets/print.css' [1092:5] Error in declaration. '*' is not allowed as first char of a property.||-||DefaultCssErrorHandler.java:error:40 
||2015-11-19||09:46:17.686||CSS error: 'https://idp.mml-dev.com/branding/common/stylesheets/print.css' [1114:5] Error in declaration. '*' is not allowed as first char of a property.||-||DefaultCssErrorHandler.java:error:40 
||2015-11-19||09:46:17.687||CSS error: 'https://idp.mml-dev.com/branding/common/stylesheets/print.css' [1135:5] Error in declaration. '*' is not allowed as first char of a property.||-||DefaultCssErrorHandler.java:error:40 
||2015-11-19||09:46:17.688||CSS error: 'https://idp.mml-dev.com/branding/common/stylesheets/print.css' [1157:5] Error in declaration. '*' is not allowed as first char of a property.||-||DefaultCssErrorHandler.java:error:40 
||2015-11-19||09:46:17.689||CSS error: 'https://idp.mml-dev.com/branding/common/stylesheets/print.css' [1178:5] Error in declaration. '*' is not allowed as first char of a property.||-||DefaultCssErrorHandler.java:error:40 
||2015-11-19||09:46:17.691||CSS error: 'https://idp.mml-dev.com/branding/common/stylesheets/print.css' [1200:5] Error in declaration. '*' is not allowed as first char of a property.||-||DefaultCssErrorHandler.java:error:40 
||2015-11-19||09:46:17.692||CSS error: 'https://idp.mml-dev.com/branding/common/stylesheets/print.css' [1221:5] Error in declaration. '*' is not allowed as first char of a property.||-||DefaultCssErrorHandler.java:error:40 
||2015-11-19||09:46:17.694||CSS error: 'https://idp.mml-dev.com/branding/common/stylesheets/print.css' [1243:5] Error in declaration. '*' is not allowed as first char of a property.||-||DefaultCssErrorHandler.java:error:40 
||2015-11-19||09:46:17.695||CSS error: 'https://idp.mml-dev.com/branding/common/stylesheets/print.css' [1264:5] Error in declaration. '*' is not allowed as first char of a property.||-||DefaultCssErrorHandler.java:error:40 
||2015-11-19||09:46:17.696||CSS error: 'https://idp.mml-dev.com/branding/common/stylesheets/print.css' [1286:5] Error in declaration. '*' is not allowed as first char of a property.||-||DefaultCssErrorHandler.java:error:40 
||2015-11-19||09:46:17.698||CSS error: 'https://idp.mml-dev.com/branding/common/stylesheets/print.css' [1307:5] Error in declaration. '*' is not allowed as first char of a property.||-||DefaultCssErrorHandler.java:error:40 
||2015-11-19||09:46:17.699||CSS error: 'https://idp.mml-dev.com/branding/common/stylesheets/print.css' [1329:5] Error in declaration. '*' is not allowed as first char of a property.||-||DefaultCssErrorHandler.java:error:40 
||2015-11-19||09:46:17.700||CSS error: 'https://idp.mml-dev.com/branding/common/stylesheets/print.css' [1350:5] Error in declaration. '*' is not allowed as first char of a property.||-||DefaultCssErrorHandler.java:error:40 
||2015-11-19||09:46:17.701||CSS error: 'https://idp.mml-dev.com/branding/common/stylesheets/print.css' [1372:5] Error in declaration. '*' is not allowed as first char of a property.||-||DefaultCssErrorHandler.java:error:40 
||2015-11-19||09:46:17.703||CSS error: 'https://idp.mml-dev.com/branding/common/stylesheets/print.css' [1393:5] Error in declaration. '*' is not allowed as first char of a property.||-||DefaultCssErrorHandler.java:error:40 
||2015-11-19||09:46:17.704||CSS error: 'https://idp.mml-dev.com/branding/common/stylesheets/print.css' [1415:5] Error in declaration. '*' is not allowed as first char of a property.||-||DefaultCssErrorHandler.java:error:40 
||2015-11-19||09:46:17.706||CSS error: 'https://idp.mml-dev.com/branding/common/stylesheets/print.css' [1436:5] Error in declaration. '*' is not allowed as first char of a property.||-||DefaultCssErrorHandler.java:error:40 
||2015-11-19||09:46:17.707||CSS error: 'https://idp.mml-dev.com/branding/common/stylesheets/print.css' [1458:5] Error in declaration. '*' is not allowed as first char of a property.||-||DefaultCssErrorHandler.java:error:40 
||2015-11-19||09:46:17.709||CSS error: 'https://idp.mml-dev.com/branding/common/stylesheets/print.css' [1479:5] Error in declaration. '*' is not allowed as first char of a property.||-||DefaultCssErrorHandler.java:error:40 
||2015-11-19||09:46:17.710||CSS error: 'https://idp.mml-dev.com/branding/common/stylesheets/print.css' [1501:5] Error in declaration. '*' is not allowed as first char of a property.||-||DefaultCssErrorHandler.java:error:40 
||2015-11-19||09:46:17.712||CSS error: 'https://idp.mml-dev.com/branding/common/stylesheets/print.css' [1522:5] Error in declaration. '*' is not allowed as first char of a property.||-||DefaultCssErrorHandler.java:error:40 
||2015-11-19||09:46:17.713||CSS error: 'https://idp.mml-dev.com/branding/common/stylesheets/print.css' [1544:5] Error in declaration. '*' is not allowed as first char of a property.||-||DefaultCssErrorHandler.java:error:40 
||2015-11-19||09:46:17.715||CSS error: 'https://idp.mml-dev.com/branding/common/stylesheets/print.css' [1565:5] Error in declaration. '*' is not allowed as first char of a property.||-||DefaultCssErrorHandler.java:error:40 
||2015-11-19||09:46:17.716||CSS error: 'https://idp.mml-dev.com/branding/common/stylesheets/print.css' [1587:5] Error in declaration. '*' is not allowed as first char of a property.||-||DefaultCssErrorHandler.java:error:40 
||2015-11-19||09:46:17.718||CSS error: 'https://idp.mml-dev.com/branding/common/stylesheets/print.css' [1608:5] Error in declaration. '*' is not allowed as first char of a property.||-||DefaultCssErrorHandler.java:error:40 
||2015-11-19||09:46:17.719||CSS error: 'https://idp.mml-dev.com/branding/common/stylesheets/print.css' [1630:5] Error in declaration. '*' is not allowed as first char of a property.||-||DefaultCssErrorHandler.java:error:40 
||2015-11-19||09:46:17.721||CSS error: 'https://idp.mml-dev.com/branding/common/stylesheets/print.css' [1651:5] Error in declaration. '*' is not allowed as first char of a property.||-||DefaultCssErrorHandler.java:error:40 
||2015-11-19||09:46:17.722||CSS error: 'https://idp.mml-dev.com/branding/common/stylesheets/print.css' [1673:5] Error in declaration. '*' is not allowed as first char of a property.||-||DefaultCssErrorHandler.java:error:40 
||2015-11-19||09:46:17.723||CSS error: 'https://idp.mml-dev.com/branding/common/stylesheets/print.css' [1694:5] Error in declaration. '*' is not allowed as first char of a property.||-||DefaultCssErrorHandler.java:error:40 
||2015-11-19||09:46:17.725||CSS error: 'https://idp.mml-dev.com/branding/common/stylesheets/print.css' [1716:5] Error in declaration. '*' is not allowed as first char of a property.||-||DefaultCssErrorHandler.java:error:40 
||2015-11-19||09:46:17.726||CSS error: 'https://idp.mml-dev.com/branding/common/stylesheets/print.css' [1737:5] Error in declaration. '*' is not allowed as first char of a property.||-||DefaultCssErrorHandler.java:error:40 
||2015-11-19||09:46:17.728||CSS error: 'https://idp.mml-dev.com/branding/common/stylesheets/print.css' [1759:5] Error in declaration. '*' is not allowed as first char of a property.||-||DefaultCssErrorHandler.java:error:40 
||2015-11-19||09:46:17.729||CSS error: 'https://idp.mml-dev.com/branding/common/stylesheets/print.css' [1780:5] Error in declaration. '*' is not allowed as first char of a property.||-||DefaultCssErrorHandler.java:error:40 
||2015-11-19||09:46:17.730||CSS error: 'https://idp.mml-dev.com/branding/common/stylesheets/print.css' [1802:5] Error in declaration. '*' is not allowed as first char of a property.||-||DefaultCssErrorHandler.java:error:40 
||2015-11-19||09:46:17.732||CSS error: 'https://idp.mml-dev.com/branding/common/stylesheets/print.css' [1823:5] Error in declaration. '*' is not allowed as first char of a property.||-||DefaultCssErrorHandler.java:error:40 
||2015-11-19||09:46:17.733||CSS error: 'https://idp.mml-dev.com/branding/common/stylesheets/print.css' [1845:5] Error in declaration. '*' is not allowed as first char of a property.||-||DefaultCssErrorHandler.java:error:40 
||2015-11-19||09:46:17.735||CSS error: 'https://idp.mml-dev.com/branding/common/stylesheets/print.css' [1866:5] Error in declaration. '*' is not allowed as first char of a property.||-||DefaultCssErrorHandler.java:error:40 
||2015-11-19||09:46:17.736||CSS error: 'https://idp.mml-dev.com/branding/common/stylesheets/print.css' [1888:5] Error in declaration. '*' is not allowed as first char of a property.||-||DefaultCssErrorHandler.java:error:40 
||2015-11-19||09:46:17.738||CSS error: 'https://idp.mml-dev.com/branding/common/stylesheets/print.css' [1909:5] Error in declaration. '*' is not allowed as first char of a property.||-||DefaultCssErrorHandler.java:error:40 
||2015-11-19||09:46:17.739||CSS error: 'https://idp.mml-dev.com/branding/common/stylesheets/print.css' [1931:5] Error in declaration. '*' is not allowed as first char of a property.||-||DefaultCssErrorHandler.java:error:40 
||2015-11-19||09:46:17.740||CSS error: 'https://idp.mml-dev.com/branding/common/stylesheets/print.css' [1952:5] Error in declaration. '*' is not allowed as first char of a property.||-||DefaultCssErrorHandler.java:error:40 
||2015-11-19||09:46:17.741||CSS error: 'https://idp.mml-dev.com/branding/common/stylesheets/print.css' [1974:5] Error in declaration. '*' is not allowed as first char of a property.||-||DefaultCssErrorHandler.java:error:40 
||2015-11-19||09:46:17.743||CSS error: 'https://idp.mml-dev.com/branding/common/stylesheets/print.css' [1995:5] Error in declaration. '*' is not allowed as first char of a property.||-||DefaultCssErrorHandler.java:error:40 
||2015-11-19||09:46:17.744||CSS error: 'https://idp.mml-dev.com/branding/common/stylesheets/print.css' [2017:5] Error in declaration. '*' is not allowed as first char of a property.||-||DefaultCssErrorHandler.java:error:40 
||2015-11-19||09:46:17.745||CSS error: 'https://idp.mml-dev.com/branding/common/stylesheets/print.css' [2038:5] Error in declaration. '*' is not allowed as first char of a property.||-||DefaultCssErrorHandler.java:error:40 
||2015-11-19||09:46:17.746||CSS error: 'https://idp.mml-dev.com/branding/common/stylesheets/print.css' [2060:5] Error in declaration. '*' is not allowed as first char of a property.||-||DefaultCssErrorHandler.java:error:40 
||2015-11-19||09:47:43.933||Unhandled CSS condition type '7'. Accepting it silently.||-||CSSStyleSheet.java:isValidSelector:1265 
||2015-11-19||09:47:43.943||runtimeError: message=[An invalid or illegal selector was specified (selector: ':enabled' error: Syntax Error).] sourceName=[https://idp.mml-dev.com/branding/common/scripts/login-vendor.js] line=[1233] lineSource=[null] lineOffset=[0]||-||StrictErrorReporter.java:runtimeError:83 
||2015-11-19||09:47:45.135||CSS error: 'https://idp.mml-dev.com/branding/common/stylesheets/print.css' [556:3] Error in declaration. '*' is not allowed as first char of a property.||-||DefaultCssErrorHandler.java:error:40 
||2015-11-19||09:47:45.136||CSS error: 'https://idp.mml-dev.com/branding/common/stylesheets/print.css' [578:3] Error in declaration. '*' is not allowed as first char of a property.||-||DefaultCssErrorHandler.java:error:40 
||2015-11-19||09:47:45.137||CSS error: 'https://idp.mml-dev.com/branding/common/stylesheets/print.css' [597:3] Error in declaration. '*' is not allowed as first char of a property.||-||DefaultCssErrorHandler.java:error:40 
||2015-11-19||09:47:45.138||CSS error: 'https://idp.mml-dev.com/branding/common/stylesheets/print.css' [619:3] Error in declaration. '*' is not allowed as first char of a property.||-||DefaultCssErrorHandler.java:error:40 
||2015-11-19||09:47:45.138||CSS error: 'https://idp.mml-dev.com/branding/common/stylesheets/print.css' [638:3] Error in declaration. '*' is not allowed as first char of a property.||-||DefaultCssErrorHandler.java:error:40 
||2015-11-19||09:47:45.139||CSS error: 'https://idp.mml-dev.com/branding/common/stylesheets/print.css' [660:3] Error in declaration. '*' is not allowed as first char of a property.||-||DefaultCssErrorHandler.java:error:40 
||2015-11-19||09:47:45.139||CSS error: 'https://idp.mml-dev.com/branding/common/stylesheets/print.css' [679:3] Error in declaration. '*' is not allowed as first char of a property.||-||DefaultCssErrorHandler.java:error:40 
||2015-11-19||09:47:45.140||CSS error: 'https://idp.mml-dev.com/branding/common/stylesheets/print.css' [701:3] Error in declaration. '*' is not allowed as first char of a property.||-||DefaultCssErrorHandler.java:error:40 
||2015-11-19||09:47:45.141||CSS error: 'https://idp.mml-dev.com/branding/common/stylesheets/print.css' [720:3] Error in declaration. '*' is not allowed as first char of a property.||-||DefaultCssErrorHandler.java:error:40 
||2015-11-19||09:47:45.141||CSS error: 'https://idp.mml-dev.com/branding/common/stylesheets/print.css' [742:3] Error in declaration. '*' is not allowed as first char of a property.||-||DefaultCssErrorHandler.java:error:40 
||2015-11-19||09:47:45.142||CSS error: 'https://idp.mml-dev.com/branding/common/stylesheets/print.css' [761:3] Error in declaration. '*' is not allowed as first char of a property.||-||DefaultCssErrorHandler.java:error:40 
||2015-11-19||09:47:45.142||CSS error: 'https://idp.mml-dev.com/branding/common/stylesheets/print.css' [783:3] Error in declaration. '*' is not allowed as first char of a property.||-||DefaultCssErrorHandler.java:error:40 
||2015-11-19||09:47:45.143||CSS error: 'https://idp.mml-dev.com/branding/common/stylesheets/print.css' [802:3] Error in declaration. '*' is not allowed as first char of a property.||-||DefaultCssErrorHandler.java:error:40 
||2015-11-19||09:47:45.144||CSS error: 'https://idp.mml-dev.com/branding/common/stylesheets/print.css' [824:3] Error in declaration. '*' is not allowed as first char of a property.||-||DefaultCssErrorHandler.java:error:40 
||2015-11-19||09:47:45.145||CSS error: 'https://idp.mml-dev.com/branding/common/stylesheets/print.css' [843:3] Error in declaration. '*' is not allowed as first char of a property.||-||DefaultCssErrorHandler.java:error:40 
||2015-11-19||09:47:45.146||CSS error: 'https://idp.mml-dev.com/branding/common/stylesheets/print.css' [865:3] Error in declaration. '*' is not allowed as first char of a property.||-||DefaultCssErrorHandler.java:error:40 
||2015-11-19||09:47:45.146||CSS error: 'https://idp.mml-dev.com/branding/common/stylesheets/print.css' [884:3] Error in declaration. '*' is not allowed as first char of a property.||-||DefaultCssErrorHandler.java:error:40 
||2015-11-19||09:47:45.147||CSS error: 'https://idp.mml-dev.com/branding/common/stylesheets/print.css' [906:3] Error in declaration. '*' is not allowed as first char of a property.||-||DefaultCssErrorHandler.java:error:40 
||2015-11-19||09:47:45.148||CSS error: 'https://idp.mml-dev.com/branding/common/stylesheets/print.css' [925:3] Error in declaration. '*' is not allowed as first char of a property.||-||DefaultCssErrorHandler.java:error:40 
||2015-11-19||09:47:45.148||CSS error: 'https://idp.mml-dev.com/branding/common/stylesheets/print.css' [947:3] Error in declaration. '*' is not allowed as first char of a property.||-||DefaultCssErrorHandler.java:error:40 
||2015-11-19||09:47:45.149||CSS error: 'https://idp.mml-dev.com/branding/common/stylesheets/print.css' [966:3] Error in declaration. '*' is not allowed as first char of a property.||-||DefaultCssErrorHandler.java:error:40 
||2015-11-19||09:47:45.150||CSS error: 'https://idp.mml-dev.com/branding/common/stylesheets/print.css' [988:3] Error in declaration. '*' is not allowed as first char of a property.||-||DefaultCssErrorHandler.java:error:40 
||2015-11-19||09:47:45.150||CSS error: 'https://idp.mml-dev.com/branding/common/stylesheets/print.css' [1007:3] Error in declaration. '*' is not allowed as first char of a property.||-||DefaultCssErrorHandler.java:error:40 
||2015-11-19||09:47:45.151||CSS error: 'https://idp.mml-dev.com/branding/common/stylesheets/print.css' [1029:3] Error in declaration. '*' is not allowed as first char of a property.||-||DefaultCssErrorHandler.java:error:40 
||2015-11-19||09:47:45.152||CSS error: 'https://idp.mml-dev.com/branding/common/stylesheets/print.css' [1049:5] Error in declaration. '*' is not allowed as first char of a property.||-||DefaultCssErrorHandler.java:error:40 
||2015-11-19||09:47:45.152||CSS error: 'https://idp.mml-dev.com/branding/common/stylesheets/print.css' [1071:5] Error in declaration. '*' is not allowed as first char of a property.||-||DefaultCssErrorHandler.java:error:40 
||2015-11-19||09:47:45.153||CSS error: 'https://idp.mml-dev.com/branding/common/stylesheets/print.css' [1092:5] Error in declaration. '*' is not allowed as first char of a property.||-||DefaultCssErrorHandler.java:error:40 
||2015-11-19||09:47:45.154||CSS error: 'https://idp.mml-dev.com/branding/common/stylesheets/print.css' [1114:5] Error in declaration. '*' is not allowed as first char of a property.||-||DefaultCssErrorHandler.java:error:40 
||2015-11-19||09:47:45.155||CSS error: 'https://idp.mml-dev.com/branding/common/stylesheets/print.css' [1135:5] Error in declaration. '*' is not allowed as first char of a property.||-||DefaultCssErrorHandler.java:error:40 
||2015-11-19||09:47:45.155||CSS error: 'https://idp.mml-dev.com/branding/common/stylesheets/print.css' [1157:5] Error in declaration. '*' is not allowed as first char of a property.||-||DefaultCssErrorHandler.java:error:40 
||2015-11-19||09:47:45.156||CSS error: 'https://idp.mml-dev.com/branding/common/stylesheets/print.css' [1178:5] Error in declaration. '*' is not allowed as first char of a property.||-||DefaultCssErrorHandler.java:error:40 
||2015-11-19||09:47:45.157||CSS error: 'https://idp.mml-dev.com/branding/common/stylesheets/print.css' [1200:5] Error in declaration. '*' is not allowed as first char of a property.||-||DefaultCssErrorHandler.java:error:40 
||2015-11-19||09:47:45.158||CSS error: 'https://idp.mml-dev.com/branding/common/stylesheets/print.css' [1221:5] Error in declaration. '*' is not allowed as first char of a property.||-||DefaultCssErrorHandler.java:error:40 
||2015-11-19||09:47:45.158||CSS error: 'https://idp.mml-dev.com/branding/common/stylesheets/print.css' [1243:5] Error in declaration. '*' is not allowed as first char of a property.||-||DefaultCssErrorHandler.java:error:40 
||2015-11-19||09:47:45.159||CSS error: 'https://idp.mml-dev.com/branding/common/stylesheets/print.css' [1264:5] Error in declaration. '*' is not allowed as first char of a property.||-||DefaultCssErrorHandler.java:error:40 
||2015-11-19||09:47:45.160||CSS error: 'https://idp.mml-dev.com/branding/common/stylesheets/print.css' [1286:5] Error in declaration. '*' is not allowed as first char of a property.||-||DefaultCssErrorHandler.java:error:40 
||2015-11-19||09:47:45.161||CSS error: 'https://idp.mml-dev.com/branding/common/stylesheets/print.css' [1307:5] Error in declaration. '*' is not allowed as first char of a property.||-||DefaultCssErrorHandler.java:error:40 
||2015-11-19||09:47:45.162||CSS error: 'https://idp.mml-dev.com/branding/common/stylesheets/print.css' [1329:5] Error in declaration. '*' is not allowed as first char of a property.||-||DefaultCssErrorHandler.java:error:40 
||2015-11-19||09:47:45.163||CSS error: 'https://idp.mml-dev.com/branding/common/stylesheets/print.css' [1350:5] Error in declaration. '*' is not allowed as first char of a property.||-||DefaultCssErrorHandler.java:error:40 
||2015-11-19||09:47:45.163||CSS error: 'https://idp.mml-dev.com/branding/common/stylesheets/print.css' [1372:5] Error in declaration. '*' is not allowed as first char of a property.||-||DefaultCssErrorHandler.java:error:40 
||2015-11-19||09:47:45.164||CSS error: 'https://idp.mml-dev.com/branding/common/stylesheets/print.css' [1393:5] Error in declaration. '*' is not allowed as first char of a property.||-||DefaultCssErrorHandler.java:error:40 
||2015-11-19||09:47:45.165||CSS error: 'https://idp.mml-dev.com/branding/common/stylesheets/print.css' [1415:5] Error in declaration. '*' is not allowed as first char of a property.||-||DefaultCssErrorHandler.java:error:40 
||2015-11-19||09:47:45.165||CSS error: 'https://idp.mml-dev.com/branding/common/stylesheets/print.css' [1436:5] Error in declaration. '*' is not allowed as first char of a property.||-||DefaultCssErrorHandler.java:error:40 
||2015-11-19||09:47:45.166||CSS error: 'https://idp.mml-dev.com/branding/common/stylesheets/print.css' [1458:5] Error in declaration. '*' is not allowed as first char of a property.||-||DefaultCssErrorHandler.java:error:40 
||2015-11-19||09:47:45.167||CSS error: 'https://idp.mml-dev.com/branding/common/stylesheets/print.css' [1479:5] Error in declaration. '*' is not allowed as first char of a property.||-||DefaultCssErrorHandler.java:error:40 
||2015-11-19||09:47:45.168||CSS error: 'https://idp.mml-dev.com/branding/common/stylesheets/print.css' [1501:5] Error in declaration. '*' is not allowed as first char of a property.||-||DefaultCssErrorHandler.java:error:40 
||2015-11-19||09:47:45.168||CSS error: 'https://idp.mml-dev.com/branding/common/stylesheets/print.css' [1522:5] Error in declaration. '*' is not allowed as first char of a property.||-||DefaultCssErrorHandler.java:error:40 
||2015-11-19||09:47:45.169||CSS error: 'https://idp.mml-dev.com/branding/common/stylesheets/print.css' [1544:5] Error in declaration. '*' is not allowed as first char of a property.||-||DefaultCssErrorHandler.java:error:40 
||2015-11-19||09:47:45.170||CSS error: 'https://idp.mml-dev.com/branding/common/stylesheets/print.css' [1565:5] Error in declaration. '*' is not allowed as first char of a property.||-||DefaultCssErrorHandler.java:error:40 
||2015-11-19||09:47:45.170||CSS error: 'https://idp.mml-dev.com/branding/common/stylesheets/print.css' [1587:5] Error in declaration. '*' is not allowed as first char of a property.||-||DefaultCssErrorHandler.java:error:40 
||2015-11-19||09:47:45.171||CSS error: 'https://idp.mml-dev.com/branding/common/stylesheets/print.css' [1608:5] Error in declaration. '*' is not allowed as first char of a property.||-||DefaultCssErrorHandler.java:error:40 
||2015-11-19||09:47:45.172||CSS error: 'https://idp.mml-dev.com/branding/common/stylesheets/print.css' [1630:5] Error in declaration. '*' is not allowed as first char of a property.||-||DefaultCssErrorHandler.java:error:40 
||2015-11-19||09:47:45.172||CSS error: 'https://idp.mml-dev.com/branding/common/stylesheets/print.css' [1651:5] Error in declaration. '*' is not allowed as first char of a property.||-||DefaultCssErrorHandler.java:error:40 
||2015-11-19||09:47:45.173||CSS error: 'https://idp.mml-dev.com/branding/common/stylesheets/print.css' [1673:5] Error in declaration. '*' is not allowed as first char of a property.||-||DefaultCssErrorHandler.java:error:40 
||2015-11-19||09:47:45.174||CSS error: 'https://idp.mml-dev.com/branding/common/stylesheets/print.css' [1694:5] Error in declaration. '*' is not allowed as first char of a property.||-||DefaultCssErrorHandler.java:error:40 
||2015-11-19||09:47:45.174||CSS error: 'https://idp.mml-dev.com/branding/common/stylesheets/print.css' [1716:5] Error in declaration. '*' is not allowed as first char of a property.||-||DefaultCssErrorHandler.java:error:40 
||2015-11-19||09:47:45.175||CSS error: 'https://idp.mml-dev.com/branding/common/stylesheets/print.css' [1737:5] Error in declaration. '*' is not allowed as first char of a property.||-||DefaultCssErrorHandler.java:error:40 
||2015-11-19||09:47:45.176||CSS error: 'https://idp.mml-dev.com/branding/common/stylesheets/print.css' [1759:5] Error in declaration. '*' is not allowed as first char of a property.||-||DefaultCssErrorHandler.java:error:40 
||2015-11-19||09:47:45.176||CSS error: 'https://idp.mml-dev.com/branding/common/stylesheets/print.css' [1780:5] Error in declaration. '*' is not allowed as first char of a property.||-||DefaultCssErrorHandler.java:error:40 
||2015-11-19||09:47:45.177||CSS error: 'https://idp.mml-dev.com/branding/common/stylesheets/print.css' [1802:5] Error in declaration. '*' is not allowed as first char of a property.||-||DefaultCssErrorHandler.java:error:40 
||2015-11-19||09:47:45.178||CSS error: 'https://idp.mml-dev.com/branding/common/stylesheets/print.css' [1823:5] Error in declaration. '*' is not allowed as first char of a property.||-||DefaultCssErrorHandler.java:error:40 
||2015-11-19||09:47:45.178||CSS error: 'https://idp.mml-dev.com/branding/common/stylesheets/print.css' [1845:5] Error in declaration. '*' is not allowed as first char of a property.||-||DefaultCssErrorHandler.java:error:40 
||2015-11-19||09:47:45.179||CSS error: 'https://idp.mml-dev.com/branding/common/stylesheets/print.css' [1866:5] Error in declaration. '*' is not allowed as first char of a property.||-||DefaultCssErrorHandler.java:error:40 
||2015-11-19||09:47:45.180||CSS error: 'https://idp.mml-dev.com/branding/common/stylesheets/print.css' [1888:5] Error in declaration. '*' is not allowed as first char of a property.||-||DefaultCssErrorHandler.java:error:40 
||2015-11-19||09:47:45.181||CSS error: 'https://idp.mml-dev.com/branding/common/stylesheets/print.css' [1909:5] Error in declaration. '*' is not allowed as first char of a property.||-||DefaultCssErrorHandler.java:error:40 
||2015-11-19||09:47:45.182||CSS error: 'https://idp.mml-dev.com/branding/common/stylesheets/print.css' [1931:5] Error in declaration. '*' is not allowed as first char of a property.||-||DefaultCssErrorHandler.java:error:40 
||2015-11-19||09:47:45.183||CSS error: 'https://idp.mml-dev.com/branding/common/stylesheets/print.css' [1952:5] Error in declaration. '*' is not allowed as first char of a property.||-||DefaultCssErrorHandler.java:error:40 
||2015-11-19||09:47:45.183||CSS error: 'https://idp.mml-dev.com/branding/common/stylesheets/print.css' [1974:5] Error in declaration. '*' is not allowed as first char of a property.||-||DefaultCssErrorHandler.java:error:40 
||2015-11-19||09:47:45.184||CSS error: 'https://idp.mml-dev.com/branding/common/stylesheets/print.css' [1995:5] Error in declaration. '*' is not allowed as first char of a property.||-||DefaultCssErrorHandler.java:error:40 
||2015-11-19||09:47:45.185||CSS error: 'https://idp.mml-dev.com/branding/common/stylesheets/print.css' [2017:5] Error in declaration. '*' is not allowed as first char of a property.||-||DefaultCssErrorHandler.java:error:40 
||2015-11-19||09:47:45.186||CSS error: 'https://idp.mml-dev.com/branding/common/stylesheets/print.css' [2038:5] Error in declaration. '*' is not allowed as first char of a property.||-||DefaultCssErrorHandler.java:error:40 
||2015-11-19||09:47:45.186||CSS error: 'https://idp.mml-dev.com/branding/common/stylesheets/print.css' [2060:5] Error in declaration. '*' is not allowed as first char of a property.||-||DefaultCssErrorHandler.java:error:40 
