2012-03-02 15:23:07.888 - ----------------------------------------------------------------------------------------- 
2012-03-02 15:23:07.888 - Validation error: Expiration Date value 2012-01-32 is not a valid date 
2012-03-02 15:23:07.888 - ----------------------------------------------------------------------------------------- 
2012-03-02 15:23:07.898 - ----------------------------------------------------------------------------------------- 
2012-03-02 15:23:07.898 - Validation error: Expiration Date value 2012-13-42 is not a valid date 
2012-03-02 15:23:07.898 - ----------------------------------------------------------------------------------------- 
2012-03-02 15:23:07.899 - ----------------------------------------------------------------------------------------- 
2012-03-02 15:23:07.899 - Protocol validation error: httpx is not an allowed value 
2012-03-02 15:23:07.899 - ----------------------------------------------------------------------------------------- 
2012-03-02 15:23:07.899 - ----------------------------------------------------------------------------------------- 
2012-03-02 15:23:07.899 - targetKeyManagerFQDN validation error: www.google.com is not an allowed value.  It must either contain 'gspt.net' or be an IP Address 
2012-03-02 15:23:07.899 - ----------------------------------------------------------------------------------------- 
2012-03-02 15:23:07.899 - ----------------------------------------------------------------------------------------- 
2012-03-02 15:23:07.899 - TargetKeyManagerPort validation error:  is not an allowed value 
2012-03-02 15:23:07.899 - ----------------------------------------------------------------------------------------- 
2012-03-02 15:23:07.909 - ----------------------------------------------------------------------------------------- 
2012-03-02 15:23:07.909 - TargetKeyManagerPort validation error: -80 is not an allowed value 
2012-03-02 15:23:07.909 - ----------------------------------------------------------------------------------------- 
2012-03-02 15:23:07.919 - ----------------------------------------------------------------------------------------- 
2012-03-02 15:23:07.919 - Validation error: Mars must be a non-zero length string 
2012-03-02 15:23:07.919 - ----------------------------------------------------------------------------------------- 
2012-03-02 15:23:07.919 - ----------------------------------------------------------------------------------------- 
2012-03-02 15:23:07.919 - Validation error: Test value TeST must equal (this test is case sensitive) to test 
2012-03-02 15:23:07.919 - ----------------------------------------------------------------------------------------- 
